[EXIF, IFD0, Camera] 271 - Costruttore: FUJIFILM
[EXIF, IFD0, Camera] 272 - Modello Fotocamera: FinePix2400Zoom
[EXIF, IFD0, Image] 274 - Orientamento dell'immagine: 0° (alto/sinistra)
[EXIF, IFD0, Image] 282 - Risoluzione orizzontale immagine: 72
[EXIF, IFD0, Image] 283 - Risoluzione verticale immagine: 72
[EXIF, IFD0, Image] 296 - Unità di risoluzione in X e Y: Pollici
[EXIF, IFD0, Image] 305 - Software utilizzato: Digital Camera FinePix2400Zoom Ver1.70
[EXIF, IFD0, Time] 306 - Data e ora di modifica del file: 2001:05:19 18:36:41
[EXIF, IFD0, Image] 531 - Posizionamento Y e C: Affiancato
[EXIF, IFD0, Author] 33432 - Titolare del copyright: 
[EXIF, ExifIFD, Image] 33437 - Numero F: 3.5
[EXIF, ExifIFD, Camera] 34850 - Programma esposizione: Programma normale
[EXIF, ExifIFD, Image] 34855 - Sensibilità ISO: 100
[EXIF, ExifIFD, Image] 36864 - Versione Exif: 0210
[EXIF, ExifIFD, Time] 36867 - Data e ora di creazione dei dati originali: 2001:05:19 18:36:41
[EXIF, ExifIFD, Time] 36868 - Data e ora di creazione dei dati digitali: 2001:05:19 18:36:41
[EXIF, ExifIFD, Image] 37121 - Significato di ogni componente: Y, Cb, Cr, -
[EXIF, ExifIFD, Image] 37122 - Modo compressione immagine: 1.6
[EXIF, ExifIFD, Image] 37377 - Velocità otturatore: 1/64
[EXIF, ExifIFD, Image] 37378 - Diaframma: 3.5
[EXIF, ExifIFD, Image] 37379 - Luminosità: 2
[EXIF, ExifIFD, Image] 37380 - Bias esposizione: 0
[EXIF, ExifIFD, Camera] 37381 - Diaframma massimo obiettivo: 3.5
[EXIF, ExifIFD, Camera] 37383 - Modalità misurazione esposimetrica: Multi zona
[EXIF, ExifIFD, Camera] 37385 - Flash: Flash emesso
[EXIF, ExifIFD, Camera] 37386 - Lunghezza focale obiettivo: 6.0 mm
[EXIF, ExifIFD, Image] 40960 - Versione Flashpix supportata: 0100
[EXIF, ExifIFD, Image] 40961 - Spazio colore: sRGB
[EXIF, ExifIFD, Image] 40962 - Larghezza immagine: 1600
[EXIF, ExifIFD, Image] 40963 - Altezza immagine: 1200
[EXIF, InteropIFD, Image] 1 - Identificazione interoperatività: R98: File base DCF (sRGB)
[EXIF, InteropIFD, Image] 2 - Versione interoperatività: 0100
[EXIF, ExifIFD, Camera] 41486 - Risoluzione X del piano focale: 3053
[EXIF, ExifIFD, Camera] 41487 - Risoluzione Y del piano focale: 3053
[EXIF, ExifIFD, Camera] 41488 - Unità risoluzione piano focale: cm
[EXIF, ExifIFD, Camera] 41495 - Metodo di misurazione esposimetrica: Sensore area a colori a un chip
[EXIF, ExifIFD, Image] 41728 - Origine file: Fotocamera Digitale
[EXIF, ExifIFD, Image] 41729 - Tipo scena: Immagine fotografata direttamente
[EXIF, IFD1, Image] 259 - Schema compressione: JPEG (vecchio stile)
[EXIF, IFD1, Image] 274 - Orientamento dell'immagine: 0° (alto/sinistra)
[EXIF, IFD1, Image] 282 - Risoluzione orizzontale immagine: 72
[EXIF, IFD1, Image] 283 - Risoluzione verticale immagine: 72
[EXIF, IFD1, Image] 296 - Unità di risoluzione in X e Y: Pollici
[EXIF, IFD1, Image] 513 - Thumbnail Offset: 1096
[EXIF, IFD1, Image] 514 - Thumbnail Length: 28
[EXIF, IFD1, Image] 531 - Posizionamento Y e C: Affiancato
